HTTPupload/app/build/outputs/logs/manifest-merger-release-report.txt
-- Merging decision tree log ---
manifest
ADDED from src\main\AndroidManifest.xml:2:1-42:12
	package
		ADDED from src\main\AndroidManifest.xml:3:5-48
		INJECTED from src\main\AndroidManifest.xml
		INJECTED from src\main\AndroidManifest.xml
	android:versionName
		ADDED from src\main\AndroidManifest.xml:5:5-30
		INJECTED from src\main\AndroidManifest.xml
		INJECTED from src\main\AndroidManifest.xml
	android:versionCode
		ADDED from src\main\AndroidManifest.xml:4:5-28
		INJECTED from src\main\AndroidManifest.xml
		INJECTED from src\main\AndroidManifest.xml
	xmlns:android
		ADDED from src\main\AndroidManifest.xml:2:11-69
uses-sdk
ADDED from src\main\AndroidManifest.xml:7:5-9:41
MERGED from [com.android.support:appcompat-v7:21.0.3] AndroidManifest.xml:15:5-42
MERGED from [com.android.support:support-v4:21.0.3] AndroidManifest.xml:15:5-42
MERGED from [com.android.support:support-v4:21.0.3] AndroidManifest.xml:15:5-42
	android:targetSdkVersion
		ADDED from src\main\AndroidManifest.xml:9:9-38
		INJECTED from src\main\AndroidManifest.xml
		INJECTED from src\main\AndroidManifest.xml
	android:minSdkVersion
		ADDED from src\main\AndroidManifest.xml:8:9-35
		INJECTED from src\main\AndroidManifest.xml
		INJECTED from src\main\AndroidManifest.xml
uses-permission#android.permission.INTERNET
ADDED from src\main\AndroidManifest.xml:11:5-67
	android:name
		ADDED from src\main\AndroidManifest.xml:11:22-64
uses-permission#android.permission.WRITE_EXTERNAL_STORAGE
ADDED from src\main\AndroidManifest.xml:12:5-81
	android:name
		ADDED from src\main\AndroidManifest.xml:12:22-78
uses-permission#android.permission.RECORD_AUDIO
ADDED from src\main\AndroidManifest.xml:13:5-71
	android:name
		ADDED from src\main\AndroidManifest.xml:13:22-68
android:uses-permission#android.permission.READ_PHONE_STATE
ADDED from src\main\AndroidManifest.xml:15:5-83
	android:name
		ADDED from src\main\AndroidManifest.xml:15:30-80
android:uses-permission#android.permission.READ_EXTERNAL_STORAGE
ADDED from src\main\AndroidManifest.xml:16:5-88
	android:name
		ADDED from src\main\AndroidManifest.xml:16:30-85
application
ADDED from src\main\AndroidManifest.xml:18:5-40:19
MERGED from [com.android.support:appcompat-v7:21.0.3] AndroidManifest.xml:16:5-19
MERGED from [com.android.support:support-v4:21.0.3] AndroidManifest.xml:16:5-19
MERGED from [com.android.support:support-v4:21.0.3] AndroidManifest.xml:16:5-19
	android:label
		ADDED from src\main\AndroidManifest.xml:21:9-41
	android:allowBackup
		ADDED from src\main\AndroidManifest.xml:19:9-35
	android:icon
		ADDED from src\main\AndroidManifest.xml:20:9-45
	android:theme
		ADDED from src\main\AndroidManifest.xml:22:9-64
activity#info.androidhive.camerafileupload.MainActivity
ADDED from src\main\AndroidManifest.xml:23:9-32:20
	android:screenOrientation
		ADDED from src\main\AndroidManifest.xml:26:13-49
	android:label
		ADDED from src\main\AndroidManifest.xml:25:13-45
	android:name
		ADDED from src\main\AndroidManifest.xml:24:13-41
intent-filter#android.intent.action.MAIN+android.intent.category.LAUNCHER
ADDED from src\main\AndroidManifest.xml:27:13-31:29
action#android.intent.action.MAIN
ADDED from src\main\AndroidManifest.xml:28:17-69
	android:name
		ADDED from src\main\AndroidManifest.xml:28:25-66
category#android.intent.category.LAUNCHER
ADDED from src\main\AndroidManifest.xml:30:17-77
	android:name
		ADDED from src\main\AndroidManifest.xml:30:27-74
activity#info.androidhive.camerafileupload.UploadActivity
ADDED from src\main\AndroidManifest.xml:33:9-35:52
	android:screenOrientation
		ADDED from src\main\AndroidManifest.xml:35:13-49
	android:name
		ADDED from src\main\AndroidManifest.xml:34:13-43
activity#info.androidhive.camerafileupload.SettingsActivity
ADDED from src\main\AndroidManifest.xml:36:9-39:52
	android:screenOrientation
		ADDED from src\main\AndroidManifest.xml:39:13-49
	android:label
		ADDED from src\main\AndroidManifest.xml:38:13-60
	android:name
		ADDED from src\main\AndroidManifest.xml:37:13-45